#
# There is insufficient memory for the Java Runtime Environment to continue.
# Native memory allocation (malloc) failed to allocate 1048576 bytes for AllocateHeap
# Possible reasons:
#   The system is out of physical RAM or swap space
#   The process is running with CompressedOops enabled, and the Java Heap may be blocking the growth of the native heap
# Possible solutions:
#   Reduce memory load on the system
#   Increase physical memory or swap space
#   Check if swap backing store is full
#   Decrease Java heap size (-Xmx/-Xms)
#   Decrease number of Java threads
#   Decrease Java thread stack sizes (-Xss)
#   Set larger code cache with -XX:ReservedCodeCacheSize=
#   JVM is running with Unscaled Compressed Oops mode in which the Java heap is
#     placed in the first 4GB address space. The Java Heap base address is the
#     maximum limit for the native heap growth. Please use -XX:HeapBaseMinAddress
#     to set the Java Heap base and to place the Java Heap above 4GB virtual address.
# This output file may be truncated or incomplete.
#
#  Out of Memory Error (memory/allocation.inline.hpp:61), pid=13832, tid=0x0000000000002134
#
# JRE version:  (8.0_261-b12) (build )
# Java VM: Java HotSpot(TM) 64-Bit Server VM (25.261-b12 mixed mode windows-amd64 compressed oops)
# Failed to write core dump. Minidumps are not enabled by default on client versions of Windows
#

---------------  T H R E A D  ---------------

Current thread (0x000001f8e66cd800):  JavaThread "Unknown thread" [_thread_in_vm, id=8500, stack(0x00000089eae00000,0x00000089eaf00000)]

Stack: [0x00000089eae00000,0x00000089eaf00000]
Native frames: (J=compiled Java code, j=interpreted, Vv=VM code, C=native code)
V  [jvm.dll+0x33e5f9]
V  [jvm.dll+0x2850e2]
V  [jvm.dll+0x285d8d]
V  [jvm.dll+0x27c895]
V  [jvm.dll+0x1565d]
V  [jvm.dll+0x3e2507]
V  [jvm.dll+0x3e2ef8]
V  [jvm.dll+0x10c61f]
V  [jvm.dll+0x21a00b]
V  [jvm.dll+0x248687]
V  [jvm.dll+0x172116]
C  [javaw.exe+0x2322]
C  [javaw.exe+0x16564]
C  [KERNEL32.DLL+0x17034]
C  [ntdll.dll+0x4d0d1]


---------------  P R O C E S S  ---------------

Java Threads: ( => current thread )

Other Threads:

=>0x000001f8e66cd800 (exited) JavaThread "Unknown thread" [_thread_in_vm, id=8500, stack(0x00000089eae00000,0x00000089eaf00000)]

VM state:not at safepoint (normal execution)

VM Mutex/Monitor currently owned by a thread: None

heap address: 0x0000000081e00000, size: 2018 MB, Compressed Oops mode: 32-bit
Narrow klass base: 0x0000000000000000, Narrow klass shift: 3
Compressed class space size: 1073741824 Address: 0x0000000100000000

Heap:
 PSYoungGen      total 38400K, used 665K [0x00000000d5f80000, 0x00000000d8a00000, 0x0000000100000000)
  eden space 33280K, 2% used [0x00000000d5f80000,0x00000000d6026670,0x00000000d8000000)
  from space 5120K, 0% used [0x00000000d8500000,0x00000000d8500000,0x00000000d8a00000)
  to   space 5120K, 0% used [0x00000000d8000000,0x00000000d8000000,0x00000000d8500000)
 ParOldGen       total 87552K, used 0K [0x0000000081e00000, 0x0000000087380000, 0x00000000d5f80000)
  object space 87552K, 0% used [0x0000000081e00000,0x0000000081e00000,0x0000000087380000)
 Metaspace       used 752K, capacity 4480K, committed 4480K, reserved 1056768K
  class space    used 76K, capacity 384K, committed 384K, reserved 1048576K

Card table byte_map: [0x000001f8f73e0000,0x000001f8f77e0000] byte_map_base: 0x000001f8f6fd1000

Marking Bits: (ParMarkBitMap*) 0x0000000056564fb0
 Begin Bits: [0x000001f8f7a90000, 0x000001f8f9a18000)
 End Bits:   [0x000001f8f9a18000, 0x000001f8fb9a0000)

Polling page: 0x000001f8e7fd0000

CodeCache: size=245760Kb used=328Kb max_used=328Kb free=245431Kb
 bounds [0x000001f8e8020000, 0x000001f8e8290000, 0x000001f8f7020000]
 total_blobs=58 nmethods=0 adapters=38
 compilation: enabled

Compilation events (0 events):
No events

GC Heap History (0 events):
No events

Deoptimization events (0 events):
No events

Classes redefined (0 events):
No events

Internal exceptions (0 events):
No events

Events (10 events):
Event: 0.064 loading class java/lang/Short
Event: 0.064 loading class java/lang/Short done
Event: 0.064 loading class java/lang/Integer
Event: 0.064 loading class java/lang/Integer done
Event: 0.064 loading class java/lang/Long
Event: 0.064 loading class java/lang/Long done
Event: 0.064 loading class java/lang/NullPointerException
Event: 0.064 loading class java/lang/NullPointerException done
Event: 0.064 loading class java/lang/ArithmeticException
Event: 0.064 loading class java/lang/ArithmeticException done


Dynamic libraries:
0x00007ff6745b0000 - 0x00007ff6745f7000 	C:\Program Files\Java\jre1.8.0_261\bin\javaw.exe
0x00007ffe37290000 - 0x00007ffe37486000 	C:\WINDOWS\SYSTEM32\ntdll.dll
0x00007ffe356d0000 - 0x00007ffe3578d000 	C:\WINDOWS\System32\KERNEL32.DLL
0x00007ffe34d70000 - 0x00007ffe35039000 	C:\WINDOWS\System32\KERNELBASE.dll
0x00007ffe36610000 - 0x00007ffe366bc000 	C:\WINDOWS\System32\ADVAPI32.dll
0x00007ffe366c0000 - 0x00007ffe3675e000 	C:\WINDOWS\System32\msvcrt.dll
0x00007ffe35980000 - 0x00007ffe35a1c000 	C:\WINDOWS\System32\sechost.dll
0x00007ffe370f0000 - 0x00007ffe3721b000 	C:\WINDOWS\System32\RPCRT4.dll
0x00007ffe35a20000 - 0x00007ffe35bc0000 	C:\WINDOWS\System32\USER32.dll
0x00007ffe34ce0000 - 0x00007ffe34d02000 	C:\WINDOWS\System32\win32u.dll
0x00007ffe365e0000 - 0x00007ffe3660a000 	C:\WINDOWS\System32\GDI32.dll
0x00007ffe34bd0000 - 0x00007ffe34cd9000 	C:\WINDOWS\System32\gdi32full.dll
0x00007ffe34b30000 - 0x00007ffe34bcd000 	C:\WINDOWS\System32\msvcp_win.dll
0x00007ffe35040000 - 0x00007ffe35140000 	C:\WINDOWS\System32\ucrtbase.dll
0x00007ffe1e700000 - 0x00007ffe1e99b000 	C:\WINDOWS\WinSxS\amd64_microsoft.windows.common-controls_6595b64144ccf1df_6.0.19041.488_none_ca04af081b815d21\COMCTL32.dll
0x00007ffe37220000 - 0x00007ffe37250000 	C:\WINDOWS\System32\IMM32.DLL
0x00007ffde7830000 - 0x00007ffde78d4000 	C:\Program Files\McAfee\Endpoint Security\Threat Prevention\Ips\EpMPApi.dll
0x00007ffe34d10000 - 0x00007ffe34d70000 	C:\WINDOWS\System32\WINTRUST.dll
0x00007ffe35190000 - 0x00007ffe352ed000 	C:\WINDOWS\System32\CRYPT32.dll
0x00007ffe345c0000 - 0x00007ffe345d2000 	C:\WINDOWS\SYSTEM32\MSASN1.dll
0x0000000057010000 - 0x000000005701c000 	C:\Program Files\McAfee\Endpoint Security\Threat Prevention\Ips\EpMPThe.dll
0x00007ffe308d0000 - 0x00007ffe308e5000 	C:\Program Files\Java\jre1.8.0_261\bin\vcruntime140.dll
0x00007ffe013c0000 - 0x00007ffe0145b000 	C:\Program Files\Java\jre1.8.0_261\bin\msvcp140.dll
0x0000000055d70000 - 0x00000000565dc000 	C:\Program Files\Java\jre1.8.0_261\bin\server\jvm.dll
0x00007ffe35970000 - 0x00007ffe35978000 	C:\WINDOWS\System32\PSAPI.DLL
0x00007ffe1c9d0000 - 0x00007ffe1c9f7000 	C:\WINDOWS\SYSTEM32\WINMM.dll
0x00007ffe2b950000 - 0x00007ffe2b95a000 	C:\WINDOWS\SYSTEM32\VERSION.dll
0x00007ffe1c9c0000 - 0x00007ffe1c9c9000 	C:\WINDOWS\SYSTEM32\WSOCK32.dll
0x00007ffe36810000 - 0x00007ffe3687b000 	C:\WINDOWS\System32\WS2_32.dll
0x00007ffe32900000 - 0x00007ffe32912000 	C:\WINDOWS\SYSTEM32\kernel.appcore.dll
0x00007ffe30940000 - 0x00007ffe30950000 	C:\Program Files\Java\jre1.8.0_261\bin\verify.dll
0x00007ffe14810000 - 0x00007ffe1483b000 	C:\Program Files\Java\jre1.8.0_261\bin\java.dll
0x00007ffe1bb10000 - 0x00007ffe1bb28000 	C:\Program Files\Java\jre1.8.0_261\bin\zip.dll
0x00007ffe1fe30000 - 0x00007ffe20014000 	C:\WINDOWS\SYSTEM32\dbghelp.dll
0x00007ffe34ab0000 - 0x00007ffe34b30000 	C:\WINDOWS\System32\bcryptPrimitives.dll

VM Arguments:
jvm_args: -Dcom.sun.management.jmxremote -Dcom.sun.management.jmxremote.port=1051 -Dcom.sun.management.jmxremote.authenticate=false -Dcom.sun.management.jmxremote.ssl=false -Djava.rmi.server.hostname=localhost -Dspring.jmx.enabled=true -Dspring.application.admin.enabled=true -Xverify:none -XX:TieredStopAtLevel=1 -Dspring.boot.project.name=censo -Dfile.encoding=UTF-8 
java_command: censo.CensoApplication
java_class_path (initial): C:\Users\h013026\OneDrive - Default Directory\Workspace_API_JAVA\censo\target\test-classes;C:\Users\h013026\OneDrive - Default Directory\Workspace_API_JAVA\censo\target\classes;C:\Users\h013026\.m2\repository\org\springframework\boot\spring-boot-starter-actuator\2.2.2.RELEASE\spring-boot-starter-actuator-2.2.2.RELEASE.jar;C:\Users\h013026\.m2\repository\org\springframework\boot\spring-boot-starter\2.2.2.RELEASE\spring-boot-starter-2.2.2.RELEASE.jar;C:\Users\h013026\.m2\repository\org\springframework\boot\spring-boot-starter-logging\2.2.2.RELEASE\spring-boot-starter-logging-2.2.2.RELEASE.jar;C:\Users\h013026\.m2\repository\ch\qos\logback\logback-classic\1.2.3\logback-classic-1.2.3.jar;C:\Users\h013026\.m2\repository\ch\qos\logback\logback-core\1.2.3\logback-core-1.2.3.jar;C:\Users\h013026\.m2\repository\org\apache\logging\log4j\log4j-to-slf4j\2.12.1\log4j-to-slf4j-2.12.1.jar;C:\Users\h013026\.m2\repository\org\apache\logging\log4j\log4j-api\2.12.1\log4j-api-2.12.1.jar;C:\Users\h013026\.m2\repository\org\slf4j\jul-to-slf4j\1.7.29\jul-to-slf4j-1.7.29.jar;C:\Users\h013026\.m2\repository\jakarta\annotation\jakarta.annotation-api\1.3.5\jakarta.annotation-api-1.3.5.jar;C:\Users\h013026\.m2\repository\org\yaml\snakeyaml\1.25\snakeyaml-1.25.jar;C:\Users\h013026\.m2\repository\org\springframework\boot\spring-boot-actuator-autoconfigure\2.2.2.RELEASE\spring-boot-actuator-autoconfigure-2.2.2.RELEASE.jar;C:\Users\h013026\.m2\repository\org\springframework\boot\spring-boot-actuator\2.2.2.RELEASE\spring-boot-actuator-2.2.2.RELEASE.jar;C:\Users\h013026\.m2\repository\com\fasterxml\jackson\core\jackson-databind\2.10.1\jackson-databind-2.10.1.jar;C:\Users\h013026\.m2\repository\com\fasterxml\jackson\core\jackson-annotations\2.10.1\jackson-annotations-2.10.1.jar;C:\Users\h013026\.m2\repository\com\fasterxml\jackson\core\jackson-core\2.10.1\jackson-core-2.10.1.jar;C:\Users\h013026\.m2\repository\org\springframework\spring-context\5.2.2.RELEASE\spring-contex
Launcher Type: SUN_STANDARD

Environment Variables:
JAVA_HOME=C:\Program Files\AdoptOpenJDK\jdk-11.0.9.101-hotspot\
USERNAME=h013026
OS=Windows_NT
PROCESSOR_IDENTIFIER=Intel64 Family 6 Model 94 Stepping 3, GenuineIntel



---------------  S Y S T E M  ---------------

OS: Windows 10.0 , 64 bit Build 19041 (10.0.19041.662)

CPU:total 4 (initial active 4) (4 cores per cpu, 1 threads per core) family 6 model 94 stepping 3, cmov, cx8, fxsr, mmx, sse, sse2, sse3, ssse3, sse4.1, sse4.2, popcnt, avx, avx2, aes, clmul, erms, rtm, 3dnowpref, lzcnt, tsc, tscinvbit, bmi1, bmi2, adx

Memory: 4k page, physical 8264920k(1530940k free), swap 10214616k(3292k free)

vm_info: Java HotSpot(TM) 64-Bit Server VM (25.261-b12) for windows-amd64 JRE (1.8.0_261-b12), built on Jun 18 2020 06:56:32 by "" with unknown MS VC++:1916

time: Wed Mar 30 12:02:41 2022
timezone: E. South America Standard Time
elapsed time: 0 seconds (0d 0h 0m 0s)

